<?xml version="1.0" encoding="UTF-8"?>
<testng-results skipped="0" failed="1" total="3" passed="2">
  <reporter-output>
  </reporter-output>
  <suite name="Suite" duration-ms="35938" started-at="2021-05-03T20:18:40Z" finished-at="2021-05-03T20:19:16Z">
    <groups>
    </groups>
    <test name="Test" duration-ms="35938" started-at="2021-05-03T20:18:40Z" finished-at="2021-05-03T20:19:16Z">
      <class name="com.gm.tests.Testcases">
        <test-method status="PASS" signature="setUp()[pri:0, instance:com.gm.tests.Testcases@1593948d]" name="setUp" is-config="true" duration-ms="3466" started-at="2021-05-03T22:18:40Z" finished-at="2021-05-03T22:18:43Z">
          <reporter-output>
          </reporter-output>
        </test-method> <!-- setUp -->
        <test-method status="PASS" signature="TC1()[pri:0, instance:com.gm.tests.Testcases@1593948d]" name="TC1" duration-ms="6882" started-at="2021-05-03T22:18:43Z" finished-at="2021-05-03T22:18:50Z">
          <reporter-output>
          </reporter-output>
        </test-method> <!-- TC1 -->
        <test-method status="PASS" signature="tearDown()[pri:0, instance:com.gm.tests.Testcases@1593948d]" name="tearDown" is-config="true" duration-ms="785" started-at="2021-05-03T22:18:50Z" finished-at="2021-05-03T22:18:51Z">
          <reporter-output>
          </reporter-output>
        </test-method> <!-- tearDown -->
        <test-method status="PASS" signature="setUp()[pri:0, instance:com.gm.tests.Testcases@1593948d]" name="setUp" is-config="true" duration-ms="1916" started-at="2021-05-03T22:18:51Z" finished-at="2021-05-03T22:18:53Z">
          <reporter-output>
          </reporter-output>
        </test-method> <!-- setUp -->
        <test-method status="PASS" signature="TC2()[pri:0, instance:com.gm.tests.Testcases@1593948d]" name="TC2" duration-ms="6846" started-at="2021-05-03T22:18:53Z" finished-at="2021-05-03T22:19:00Z">
          <reporter-output>
          </reporter-output>
        </test-method> <!-- TC2 -->
        <test-method status="PASS" signature="tearDown()[pri:0, instance:com.gm.tests.Testcases@1593948d]" name="tearDown" is-config="true" duration-ms="963" started-at="2021-05-03T22:19:00Z" finished-at="2021-05-03T22:19:01Z">
          <reporter-output>
          </reporter-output>
        </test-method> <!-- tearDown -->
        <test-method status="PASS" signature="setUp()[pri:0, instance:com.gm.tests.Testcases@1593948d]" name="setUp" is-config="true" duration-ms="2283" started-at="2021-05-03T22:19:01Z" finished-at="2021-05-03T22:19:03Z">
          <reporter-output>
          </reporter-output>
        </test-method> <!-- setUp -->
        <test-method status="FAIL" signature="TC3()[pri:0, instance:com.gm.tests.Testcases@1593948d]" name="TC3" duration-ms="11499" started-at="2021-05-03T22:19:03Z" finished-at="2021-05-03T22:19:15Z">
          <exception class="org.openqa.selenium.ElementClickInterceptedException">
            <message>
              <![CDATA[element click intercepted: Element is not clickable at point (891, 1321)
  (Session info: chrome=90.0.4430.93)
Build info: version: '3.141.59', revision: 'e82be7d358', time: '2018-11-14T08:17:03'
System info: host: 'DESKTOP-TP18Q4P', ip: '172.31.208.1', os.name: 'Windows 10', os.arch: 'amd64', os.version: '10.0', java.version: '1.8.0_151'
Driver info: org.openqa.selenium.chrome.ChromeDriver
Capabilities {acceptInsecureCerts: false, browserName: chrome, browserVersion: 90.0.4430.93, chrome: {chromedriverVersion: 90.0.4430.24 (4c6d850f087da..., userDataDir: E:\TEMP\scoped_dir7944_3070...}, goog:chromeOptions: {debuggerAddress: localhost:20996}, javascriptEnabled: true, networkConnectionEnabled: false, pageLoadStrategy: normal, platform: WINDOWS, platformName: WINDOWS, proxy: Proxy(), setWindowRect: true, strictFileInteractability: false, timeouts: {implicit: 0, pageLoad: 300000, script: 30000}, unhandledPromptBehavior: dismiss and notify, webauthn:extension:largeBlob: true, webauthn:virtualAuthenticators: true}
Session ID: ed39e79176b52698b701eb5245c7bb93]]>
            </message>
            <full-stacktrace>
              <![CDATA[org.openqa.selenium.ElementClickInterceptedException: element click intercepted: Element is not clickable at point (891, 1321)
  (Session info: chrome=90.0.4430.93)
Build info: version: '3.141.59', revision: 'e82be7d358', time: '2018-11-14T08:17:03'
System info: host: 'DESKTOP-TP18Q4P', ip: '172.31.208.1', os.name: 'Windows 10', os.arch: 'amd64', os.version: '10.0', java.version: '1.8.0_151'
Driver info: org.openqa.selenium.chrome.ChromeDriver
Capabilities {acceptInsecureCerts: false, browserName: chrome, browserVersion: 90.0.4430.93, chrome: {chromedriverVersion: 90.0.4430.24 (4c6d850f087da..., userDataDir: E:\TEMP\scoped_dir7944_3070...}, goog:chromeOptions: {debuggerAddress: localhost:20996}, javascriptEnabled: true, networkConnectionEnabled: false, pageLoadStrategy: normal, platform: WINDOWS, platformName: WINDOWS, proxy: Proxy(), setWindowRect: true, strictFileInteractability: false, timeouts: {implicit: 0, pageLoad: 300000, script: 30000}, unhandledPromptBehavior: dismiss and notify, webauthn:extension:largeBlob: true, webauthn:virtualAuthenticators: true}
Session ID: ed39e79176b52698b701eb5245c7bb93
	at sun.reflect.NativeConstructorAccessorImpl.newInstance0(Native Method)
	at sun.reflect.NativeConstructorAccessorImpl.newInstance(Unknown Source)
	at sun.reflect.DelegatingConstructorAccessorImpl.newInstance(Unknown Source)
	at java.lang.reflect.Constructor.newInstance(Unknown Source)
	at org.openqa.selenium.remote.http.W3CHttpResponseCodec.createException(W3CHttpResponseCodec.java:187)
	at org.openqa.selenium.remote.http.W3CHttpResponseCodec.decode(W3CHttpResponseCodec.java:122)
	at org.openqa.selenium.remote.http.W3CHttpResponseCodec.decode(W3CHttpResponseCodec.java:49)
	at org.openqa.selenium.remote.HttpCommandExecutor.execute(HttpCommandExecutor.java:158)
	at org.openqa.selenium.remote.service.DriverCommandExecutor.execute(DriverCommandExecutor.java:83)
	at org.openqa.selenium.remote.RemoteWebDriver.execute(RemoteWebDriver.java:552)
	at org.openqa.selenium.remote.RemoteWebElement.execute(RemoteWebElement.java:285)
	at org.openqa.selenium.remote.RemoteWebElement.click(RemoteWebElement.java:84)
	at sun.reflect.NativeMethodAccessorImpl.invoke0(Native Method)
	at sun.reflect.NativeMethodAccessorImpl.invoke(Unknown Source)
	at sun.reflect.DelegatingMethodAccessorImpl.invoke(Unknown Source)
	at java.lang.reflect.Method.invoke(Unknown Source)
	at org.openqa.selenium.support.pagefactory.internal.LocatingElementHandler.invoke(LocatingElementHandler.java:51)
	at com.sun.proxy.$Proxy9.click(Unknown Source)
	at com.gm.pages.TC3_Page.imageVeification(TC3_Page.java:61)
	at com.gm.tests.Testcases.TC3(Testcases.java:98)
	at sun.reflect.NativeMethodAccessorImpl.invoke0(Native Method)
	at sun.reflect.NativeMethodAccessorImpl.invoke(Unknown Source)
	at sun.reflect.DelegatingMethodAccessorImpl.invoke(Unknown Source)
	at java.lang.reflect.Method.invoke(Unknown Source)
	at org.testng.internal.MethodInvocationHelper.invokeMethod(MethodInvocationHelper.java:84)
	at org.testng.internal.Invoker.invokeMethod(Invoker.java:714)
	at org.testng.internal.Invoker.invokeTestMethod(Invoker.java:901)
	at org.testng.internal.Invoker.invokeTestMethods(Invoker.java:1231)
	at org.testng.internal.TestMethodWorker.invokeTestMethods(TestMethodWorker.java:127)
	at org.testng.internal.TestMethodWorker.run(TestMethodWorker.java:111)
	at org.testng.TestRunner.privateRun(TestRunner.java:767)
	at org.testng.TestRunner.run(TestRunner.java:617)
	at org.testng.SuiteRunner.runTest(SuiteRunner.java:334)
	at org.testng.SuiteRunner.runSequentially(SuiteRunner.java:329)
	at org.testng.SuiteRunner.privateRun(SuiteRunner.java:291)
	at org.testng.SuiteRunner.run(SuiteRunner.java:240)
	at org.testng.SuiteRunnerWorker.runSuite(SuiteRunnerWorker.java:52)
	at org.testng.SuiteRunnerWorker.run(SuiteRunnerWorker.java:86)
	at org.testng.TestNG.runSuitesSequentially(TestNG.java:1224)
	at org.testng.TestNG.runSuitesLocally(TestNG.java:1149)
	at org.testng.TestNG.run(TestNG.java:1057)
	at org.testng.remote.AbstractRemoteTestNG.run(AbstractRemoteTestNG.java:114)
	at org.testng.remote.RemoteTestNG.initAndRun(RemoteTestNG.java:251)
	at org.testng.remote.RemoteTestNG.main(RemoteTestNG.java:77)
]]>
            </full-stacktrace>
          </exception> <!-- org.openqa.selenium.ElementClickInterceptedException -->
          <reporter-output>
          </reporter-output>
        </test-method> <!-- TC3 -->
        <test-method status="PASS" signature="tearDown()[pri:0, instance:com.gm.tests.Testcases@1593948d]" name="tearDown" is-config="true" duration-ms="1272" started-at="2021-05-03T22:19:15Z" finished-at="2021-05-03T22:19:16Z">
          <reporter-output>
          </reporter-output>
        </test-method> <!-- tearDown -->
      </class> <!-- com.gm.tests.Testcases -->
    </test> <!-- Test -->
  </suite> <!-- Suite -->
</testng-results>
