<?xml version="1.0" encoding="UTF-8"?>
<testng-results skipped="0" failed="0" total="3" passed="3">
  <reporter-output>
  </reporter-output>
  <suite name="Command line suite" duration-ms="39337" started-at="2021-05-03T20:21:09Z" finished-at="2021-05-03T20:21:48Z">
    <groups>
    </groups>
    <test name="Command line test" duration-ms="39337" started-at="2021-05-03T20:21:09Z" finished-at="2021-05-03T20:21:48Z">
      <class name="com.gm.tests.Testcases">
        <test-method status="PASS" signature="setUp()[pri:0, instance:com.gm.tests.Testcases@783e6358]" name="setUp" is-config="true" duration-ms="3481" started-at="2021-05-03T22:21:09Z" finished-at="2021-05-03T22:21:13Z">
          <reporter-output>
          </reporter-output>
        </test-method> <!-- setUp -->
        <test-method status="PASS" signature="TC1()[pri:0, instance:com.gm.tests.Testcases@783e6358]" name="TC1" duration-ms="6744" started-at="2021-05-03T22:21:13Z" finished-at="2021-05-03T22:21:19Z">
          <reporter-output>
          </reporter-output>
        </test-method> <!-- TC1 -->
        <test-method status="PASS" signature="tearDown()[pri:0, instance:com.gm.tests.Testcases@783e6358]" name="tearDown" is-config="true" duration-ms="827" started-at="2021-05-03T22:21:19Z" finished-at="2021-05-03T22:21:20Z">
          <reporter-output>
          </reporter-output>
        </test-method> <!-- tearDown -->
        <test-method status="PASS" signature="setUp()[pri:0, instance:com.gm.tests.Testcases@783e6358]" name="setUp" is-config="true" duration-ms="2074" started-at="2021-05-03T22:21:20Z" finished-at="2021-05-03T22:21:22Z">
          <reporter-output>
          </reporter-output>
        </test-method> <!-- setUp -->
        <test-method status="PASS" signature="TC2()[pri:0, instance:com.gm.tests.Testcases@783e6358]" name="TC2" duration-ms="6564" started-at="2021-05-03T22:21:22Z" finished-at="2021-05-03T22:21:29Z">
          <reporter-output>
          </reporter-output>
        </test-method> <!-- TC2 -->
        <test-method status="PASS" signature="tearDown()[pri:0, instance:com.gm.tests.Testcases@783e6358]" name="tearDown" is-config="true" duration-ms="828" started-at="2021-05-03T22:21:29Z" finished-at="2021-05-03T22:21:30Z">
          <reporter-output>
          </reporter-output>
        </test-method> <!-- tearDown -->
        <test-method status="PASS" signature="setUp()[pri:0, instance:com.gm.tests.Testcases@783e6358]" name="setUp" is-config="true" duration-ms="1862" started-at="2021-05-03T22:21:30Z" finished-at="2021-05-03T22:21:31Z">
          <reporter-output>
          </reporter-output>
        </test-method> <!-- setUp -->
        <test-method status="PASS" signature="TC3()[pri:0, instance:com.gm.tests.Testcases@783e6358]" name="TC3" duration-ms="15291" started-at="2021-05-03T22:21:31Z" finished-at="2021-05-03T22:21:47Z">
          <reporter-output>
          </reporter-output>
        </test-method> <!-- TC3 -->
        <test-method status="PASS" signature="tearDown()[pri:0, instance:com.gm.tests.Testcases@783e6358]" name="tearDown" is-config="true" duration-ms="1630" started-at="2021-05-03T22:21:47Z" finished-at="2021-05-03T22:21:48Z">
          <reporter-output>
          </reporter-output>
        </test-method> <!-- tearDown -->
      </class> <!-- com.gm.tests.Testcases -->
    </test> <!-- Command line test -->
  </suite> <!-- Command line suite -->
</testng-results>
