<?xml version="1.0" encoding="UTF-8"?>
<!-- Generated by org.testng.reporters.JUnitXMLReporter -->
<testsuite hostname="DESKTOP-TP18Q4P" name="Command line test" tests="3" failures="0" timestamp="3 May 2021 20:21:48 GMT" time="39.337" errors="0">
  <testcase name="TC1" time="6.744" classname="com.gm.tests.Testcases"/>
  <testcase name="TC2" time="6.564" classname="com.gm.tests.Testcases"/>
  <testcase name="TC3" time="15.291" classname="com.gm.tests.Testcases"/>
</testsuite> <!-- Command line test -->
